<?xml version="1.0" encoding="UTF-8"?>
<testsuite xmlns:xsi="http://www.w3.org/2001/XMLSchema-instance" xsi:noNamespaceSchemaLocation="https://maven.apache.org/surefire/maven-surefire-plugin/xsd/surefire-test-report.xsd" name="TestSuite" time="1.696" tests="0" errors="0" skipped="0" failures="0">
  <properties>
    <property name="sun.desktop" value="windows"/>
    <property name="awt.toolkit" value="sun.awt.windows.WToolkit"/>
    <property name="file.encoding.pkg" value="sun.io"/>
    <property name="java.specification.version" value="1.8"/>
    <property name="sun.cpu.isalist" value="amd64"/>
    <property name="sun.jnu.encoding" value="Cp1252"/>
    <property name="java.class.path" value="D:\QSTProject\qworldrealtime\QworldServer\QworldServer-stresstest\target\test-classes;D:\QSTProject\qworldrealtime\QworldServer\QworldServer-stresstest\target\classes;D:\QSTProject\qworldrealtime\QworldServer\QworldServer-common\target\QworldServer-common-1.0.jar;C:\Users\HP\.m2\repository\com\tvd12\ezyfox-server-support\1.2.7\ezyfox-server-support-1.2.7.jar;C:\Users\HP\.m2\repository\com\tvd12\ezyfox-core\2.1.6\ezyfox-core-2.1.6.jar;C:\Users\HP\.m2\repository\com\tvd12\ezyfox-bean\1.2.7\ezyfox-bean-1.2.7.jar;C:\Users\HP\.m2\repository\com\tvd12\ezyfox-binding\1.2.7\ezyfox-binding-1.2.7.jar;C:\Users\HP\.m2\repository\com\tvd12\ezyfox-boot-autoconfigure\1.0.9\ezyfox-boot-autoconfigure-1.0.9.jar;D:\QSTProject\qworldrealtime\QworldServer\QworldServer-app-api\target\QworldServer-app-api-1.0.jar;D:\QSTProject\qworldrealtime\QworldServer\QworldServer-app-entry\target\QworldServer-app-entry-1.0.jar;D:\QSTProject\qworldrealtime\QworldServer\QworldServer-plugin\target\QworldServer-plugin-1.0.jar;C:\Users\HP\.m2\repository\com\tvd12\ezyfox-server-embedded\1.2.7\ezyfox-server-embedded-1.2.7.jar;C:\Users\HP\.m2\repository\com\tvd12\ezyfox-server-nio\1.2.7\ezyfox-server-nio-1.2.7.jar;C:\Users\HP\.m2\repository\com\tvd12\ezyfox-server-boot\1.2.7\ezyfox-server-boot-1.2.7.jar;C:\Users\HP\.m2\repository\org\eclipse\jetty\websocket\websocket-server\9.4.50.v20221201\websocket-server-9.4.50.v20221201.jar;C:\Users\HP\.m2\repository\org\eclipse\jetty\websocket\websocket-common\9.4.50.v20221201\websocket-common-9.4.50.v20221201.jar;C:\Users\HP\.m2\repository\org\eclipse\jetty\websocket\websocket-api\9.4.50.v20221201\websocket-api-9.4.50.v20221201.jar;C:\Users\HP\.m2\repository\org\eclipse\jetty\jetty-util\9.4.50.v20221201\jetty-util-9.4.50.v20221201.jar;C:\Users\HP\.m2\repository\org\eclipse\jetty\jetty-io\9.4.50.v20221201\jetty-io-9.4.50.v20221201.jar;C:\Users\HP\.m2\repository\org\eclipse\jetty\websocket\websocket-servlet\9.4.50.v20221201\websocket-servlet-9.4.50.v20221201.jar;C:\Users\HP\.m2\repository\javax\servlet\javax.servlet-api\3.1.0\javax.servlet-api-3.1.0.jar;C:\Users\HP\.m2\repository\org\eclipse\jetty\jetty-servlet\9.4.50.v20221201\jetty-servlet-9.4.50.v20221201.jar;C:\Users\HP\.m2\repository\org\eclipse\jetty\jetty-security\9.4.50.v20221201\jetty-security-9.4.50.v20221201.jar;C:\Users\HP\.m2\repository\org\eclipse\jetty\jetty-server\9.4.50.v20221201\jetty-server-9.4.50.v20221201.jar;C:\Users\HP\.m2\repository\org\eclipse\jetty\jetty-util-ajax\9.4.50.v20221201\jetty-util-ajax-9.4.50.v20221201.jar;C:\Users\HP\.m2\repository\org\eclipse\jetty\jetty-http\9.4.50.v20221201\jetty-http-9.4.50.v20221201.jar;C:\Users\HP\.m2\repository\com\tvd12\ezyfox-msgpack\1.2.7\ezyfox-msgpack-1.2.7.jar;C:\Users\HP\.m2\repository\com\tvd12\ezyfox-jackson\1.2.7\ezyfox-jackson-1.2.7.jar;C:\Users\HP\.m2\repository\com\tvd12\ezyfox-json\1.2.7\ezyfox-json-1.2.7.jar;C:\Users\HP\.m2\repository\com\fasterxml\jackson\core\jackson-databind\2.14.2\jackson-databind-2.14.2.jar;C:\Users\HP\.m2\repository\com\fasterxml\jackson\core\jackson-annotations\2.14.2\jackson-annotations-2.14.2.jar;C:\Users\HP\.m2\repository\com\fasterxml\jackson\core\jackson-core\2.14.2\jackson-core-2.14.2.jar;C:\Users\HP\.m2\repository\com\tvd12\ezyfox-server-netty-client\1.1.9\ezyfox-server-netty-client-1.1.9.jar;C:\Users\HP\.m2\repository\io\netty\netty-all\4.1.89.Final\netty-all-4.1.89.Final.jar;C:\Users\HP\.m2\repository\io\netty\netty-buffer\4.1.89.Final\netty-buffer-4.1.89.Final.jar;C:\Users\HP\.m2\repository\io\netty\netty-codec\4.1.89.Final\netty-codec-4.1.89.Final.jar;C:\Users\HP\.m2\repository\io\netty\netty-codec-dns\4.1.89.Final\netty-codec-dns-4.1.89.Final.jar;C:\Users\HP\.m2\repository\io\netty\netty-codec-haproxy\4.1.89.Final\netty-codec-haproxy-4.1.89.Final.jar;C:\Users\HP\.m2\repository\io\netty\netty-codec-http\4.1.89.Final\netty-codec-http-4.1.89.Final.jar;C:\Users\HP\.m2\repository\io\netty\netty-codec-http2\4.1.89.Final\netty-codec-http2-4.1.89.Final.jar;C:\Users\HP\.m2\repository\io\netty\netty-codec-memcache\4.1.89.Final\netty-codec-memcache-4.1.89.Final.jar;C:\Users\HP\.m2\repository\io\netty\netty-codec-mqtt\4.1.89.Final\netty-codec-mqtt-4.1.89.Final.jar;C:\Users\HP\.m2\repository\io\netty\netty-codec-redis\4.1.89.Final\netty-codec-redis-4.1.89.Final.jar;C:\Users\HP\.m2\repository\io\netty\netty-codec-smtp\4.1.89.Final\netty-codec-smtp-4.1.89.Final.jar;C:\Users\HP\.m2\repository\io\netty\netty-codec-socks\4.1.89.Final\netty-codec-socks-4.1.89.Final.jar;C:\Users\HP\.m2\repository\io\netty\netty-codec-stomp\4.1.89.Final\netty-codec-stomp-4.1.89.Final.jar;C:\Users\HP\.m2\repository\io\netty\netty-codec-xml\4.1.89.Final\netty-codec-xml-4.1.89.Final.jar;C:\Users\HP\.m2\repository\io\netty\netty-common\4.1.89.Final\netty-common-4.1.89.Final.jar;C:\Users\HP\.m2\repository\io\netty\netty-handler\4.1.89.Final\netty-handler-4.1.89.Final.jar;C:\Users\HP\.m2\repository\io\netty\netty-transport-native-unix-common\4.1.89.Final\netty-transport-native-unix-common-4.1.89.Final.jar;C:\Users\HP\.m2\repository\io\netty\netty-handler-proxy\4.1.89.Final\netty-handler-proxy-4.1.89.Final.jar;C:\Users\HP\.m2\repository\io\netty\netty-handler-ssl-ocsp\4.1.89.Final\netty-handler-ssl-ocsp-4.1.89.Final.jar;C:\Users\HP\.m2\repository\io\netty\netty-resolver\4.1.89.Final\netty-resolver-4.1.89.Final.jar;C:\Users\HP\.m2\repository\io\netty\netty-resolver-dns\4.1.89.Final\netty-resolver-dns-4.1.89.Final.jar;C:\Users\HP\.m2\repository\io\netty\netty-transport\4.1.89.Final\netty-transport-4.1.89.Final.jar;C:\Users\HP\.m2\repository\io\netty\netty-transport-rxtx\4.1.89.Final\netty-transport-rxtx-4.1.89.Final.jar;C:\Users\HP\.m2\repository\io\netty\netty-transport-sctp\4.1.89.Final\netty-transport-sctp-4.1.89.Final.jar;C:\Users\HP\.m2\repository\io\netty\netty-transport-udt\4.1.89.Final\netty-transport-udt-4.1.89.Final.jar;C:\Users\HP\.m2\repository\io\netty\netty-transport-classes-epoll\4.1.89.Final\netty-transport-classes-epoll-4.1.89.Final.jar;C:\Users\HP\.m2\repository\io\netty\netty-transport-classes-kqueue\4.1.89.Final\netty-transport-classes-kqueue-4.1.89.Final.jar;C:\Users\HP\.m2\repository\io\netty\netty-resolver-dns-classes-macos\4.1.89.Final\netty-resolver-dns-classes-macos-4.1.89.Final.jar;C:\Users\HP\.m2\repository\io\netty\netty-transport-native-epoll\4.1.89.Final\netty-transport-native-epoll-4.1.89.Final-linux-x86_64.jar;C:\Users\HP\.m2\repository\io\netty\netty-transport-native-epoll\4.1.89.Final\netty-transport-native-epoll-4.1.89.Final-linux-aarch_64.jar;C:\Users\HP\.m2\repository\io\netty\netty-transport-native-kqueue\4.1.89.Final\netty-transport-native-kqueue-4.1.89.Final-osx-x86_64.jar;C:\Users\HP\.m2\repository\io\netty\netty-transport-native-kqueue\4.1.89.Final\netty-transport-native-kqueue-4.1.89.Final-osx-aarch_64.jar;C:\Users\HP\.m2\repository\io\netty\netty-resolver-dns-native-macos\4.1.89.Final\netty-resolver-dns-native-macos-4.1.89.Final-osx-x86_64.jar;C:\Users\HP\.m2\repository\io\netty\netty-resolver-dns-native-macos\4.1.89.Final\netty-resolver-dns-native-macos-4.1.89.Final-osx-aarch_64.jar;C:\Users\HP\.m2\repository\com\tvd12\ezyfox-server-java-client\1.2.4\ezyfox-server-java-client-1.2.4.jar;C:\Users\HP\.m2\repository\com\tvd12\ezyfox-server-core\1.2.7\ezyfox-server-core-1.2.7.jar;C:\Users\HP\.m2\repository\com\tvd12\ezyfox-codec\1.2.7\ezyfox-codec-1.2.7.jar;C:\Users\HP\.m2\repository\com\tvd12\ezyfox-common\1.2.7\ezyfox-common-1.2.7.jar;C:\Users\HP\.m2\repository\com\tvd12\ezyfox-security\1.2.7\ezyfox-security-1.2.7.jar;C:\Users\HP\.m2\repository\com\tvd12\ezyfox-io\1.2.7\ezyfox-io-1.2.7.jar;C:\Users\HP\.m2\repository\com\tvd12\ezyfox-concurrent\1.2.7\ezyfox-concurrent-1.2.7.jar;C:\Users\HP\.m2\repository\com\tvd12\ezyfox-util\1.2.7\ezyfox-util-1.2.7.jar;C:\Users\HP\.m2\repository\com\tvd12\properties-file\1.1.8\properties-file-1.1.8.jar;C:\Users\HP\.m2\repository\com\tvd12\reflections\1.0.2\reflections-1.0.2.jar;C:\Users\HP\.m2\repository\org\javassist\javassist\3.29.0-GA\javassist-3.29.0-GA.jar;C:\Users\HP\.m2\repository\ch\qos\logback\logback-classic\1.2.11\logback-classic-1.2.11.jar;C:\Users\HP\.m2\repository\ch\qos\logback\logback-core\1.2.11\logback-core-1.2.11.jar;C:\Users\HP\.m2\repository\org\slf4j\slf4j-api\1.7.32\slf4j-api-1.7.32.jar;C:\Users\HP\.m2\repository\com\tvd12\ezyfox-mapping\1.2.7\ezyfox-mapping-1.2.7.jar;C:\Users\HP\.m2\repository\org\glassfish\jaxb\jaxb-runtime\2.3.8\jaxb-runtime-2.3.8.jar;C:\Users\HP\.m2\repository\jakarta\xml\bind\jakarta.xml.bind-api\2.3.3\jakarta.xml.bind-api-2.3.3.jar;C:\Users\HP\.m2\repository\org\glassfish\jaxb\txw2\2.3.8\txw2-2.3.8.jar;C:\Users\HP\.m2\repository\com\sun\istack\istack-commons-runtime\3.0.12\istack-commons-runtime-3.0.12.jar;C:\Users\HP\.m2\repository\com\sun\activation\jakarta.activation\1.2.2\jakarta.activation-1.2.2.jar;C:\Users\HP\.m2\repository\com\google\code\gson\gson\2.8.6\gson-2.8.6.jar;C:\Users\HP\.m2\repository\com\tvd12\game-box\1.1.7\game-box-1.1.7.jar;C:\Users\HP\.m2\repository\com\tvd12\test-util\1.1.8\test-util-1.1.8.jar;C:\Users\HP\.m2\repository\org\mockito\mockito-all\1.10.19\mockito-all-1.10.19.jar;C:\Users\HP\.m2\repository\org\testng\testng\7.5.1\testng-7.5.1.jar;C:\Users\HP\.m2\repository\com\google\code\findbugs\jsr305\3.0.1\jsr305-3.0.1.jar;C:\Users\HP\.m2\repository\com\beust\jcommander\1.78\jcommander-1.78.jar;C:\Users\HP\.m2\repository\org\webjars\jquery\3.5.1\jquery-3.5.1.jar;C:\Users\HP\.m2\repository\org\projectlombok\lombok\1.18.24\lombok-1.18.24.jar;"/>
    <property name="java.vm.vendor" value="Oracle Corporation"/>
    <property name="sun.arch.data.model" value="64"/>
    <property name="user.variant" value=""/>
    <property name="java.vendor.url" value="http://java.oracle.com/"/>
    <property name="user.timezone" value="Asia/Bangkok"/>
    <property name="java.vm.specification.version" value="1.8"/>
    <property name="os.name" value="Windows 10"/>
    <property name="user.country" value="US"/>
    <property name="sun.java.launcher" value="SUN_STANDARD"/>
    <property name="sun.boot.library.path" value="C:\Program Files\Java\jdk1.8.0_202\jre\bin"/>
    <property name="sun.java.command" value="C:\Users\HP\AppData\Local\Temp\surefire8286175454720988305\surefirebooter5049540776661420210.jar C:\Users\HP\AppData\Local\Temp\surefire8286175454720988305 2023-07-20T09-24-31_553-jvmRun1 surefire434148543753186053tmp surefire_54990764057724877425tmp"/>
    <property name="surefire.test.class.path" value="D:\QSTProject\qworldrealtime\QworldServer\QworldServer-stresstest\target\test-classes;D:\QSTProject\qworldrealtime\QworldServer\QworldServer-stresstest\target\classes;D:\QSTProject\qworldrealtime\QworldServer\QworldServer-common\target\QworldServer-common-1.0.jar;C:\Users\HP\.m2\repository\com\tvd12\ezyfox-server-support\1.2.7\ezyfox-server-support-1.2.7.jar;C:\Users\HP\.m2\repository\com\tvd12\ezyfox-core\2.1.6\ezyfox-core-2.1.6.jar;C:\Users\HP\.m2\repository\com\tvd12\ezyfox-bean\1.2.7\ezyfox-bean-1.2.7.jar;C:\Users\HP\.m2\repository\com\tvd12\ezyfox-binding\1.2.7\ezyfox-binding-1.2.7.jar;C:\Users\HP\.m2\repository\com\tvd12\ezyfox-boot-autoconfigure\1.0.9\ezyfox-boot-autoconfigure-1.0.9.jar;D:\QSTProject\qworldrealtime\QworldServer\QworldServer-app-api\target\QworldServer-app-api-1.0.jar;D:\QSTProject\qworldrealtime\QworldServer\QworldServer-app-entry\target\QworldServer-app-entry-1.0.jar;D:\QSTProject\qworldrealtime\QworldServer\QworldServer-plugin\target\QworldServer-plugin-1.0.jar;C:\Users\HP\.m2\repository\com\tvd12\ezyfox-server-embedded\1.2.7\ezyfox-server-embedded-1.2.7.jar;C:\Users\HP\.m2\repository\com\tvd12\ezyfox-server-nio\1.2.7\ezyfox-server-nio-1.2.7.jar;C:\Users\HP\.m2\repository\com\tvd12\ezyfox-server-boot\1.2.7\ezyfox-server-boot-1.2.7.jar;C:\Users\HP\.m2\repository\org\eclipse\jetty\websocket\websocket-server\9.4.50.v20221201\websocket-server-9.4.50.v20221201.jar;C:\Users\HP\.m2\repository\org\eclipse\jetty\websocket\websocket-common\9.4.50.v20221201\websocket-common-9.4.50.v20221201.jar;C:\Users\HP\.m2\repository\org\eclipse\jetty\websocket\websocket-api\9.4.50.v20221201\websocket-api-9.4.50.v20221201.jar;C:\Users\HP\.m2\repository\org\eclipse\jetty\jetty-util\9.4.50.v20221201\jetty-util-9.4.50.v20221201.jar;C:\Users\HP\.m2\repository\org\eclipse\jetty\jetty-io\9.4.50.v20221201\jetty-io-9.4.50.v20221201.jar;C:\Users\HP\.m2\repository\org\eclipse\jetty\websocket\websocket-servlet\9.4.50.v20221201\websocket-servlet-9.4.50.v20221201.jar;C:\Users\HP\.m2\repository\javax\servlet\javax.servlet-api\3.1.0\javax.servlet-api-3.1.0.jar;C:\Users\HP\.m2\repository\org\eclipse\jetty\jetty-servlet\9.4.50.v20221201\jetty-servlet-9.4.50.v20221201.jar;C:\Users\HP\.m2\repository\org\eclipse\jetty\jetty-security\9.4.50.v20221201\jetty-security-9.4.50.v20221201.jar;C:\Users\HP\.m2\repository\org\eclipse\jetty\jetty-server\9.4.50.v20221201\jetty-server-9.4.50.v20221201.jar;C:\Users\HP\.m2\repository\org\eclipse\jetty\jetty-util-ajax\9.4.50.v20221201\jetty-util-ajax-9.4.50.v20221201.jar;C:\Users\HP\.m2\repository\org\eclipse\jetty\jetty-http\9.4.50.v20221201\jetty-http-9.4.50.v20221201.jar;C:\Users\HP\.m2\repository\com\tvd12\ezyfox-msgpack\1.2.7\ezyfox-msgpack-1.2.7.jar;C:\Users\HP\.m2\repository\com\tvd12\ezyfox-jackson\1.2.7\ezyfox-jackson-1.2.7.jar;C:\Users\HP\.m2\repository\com\tvd12\ezyfox-json\1.2.7\ezyfox-json-1.2.7.jar;C:\Users\HP\.m2\repository\com\fasterxml\jackson\core\jackson-databind\2.14.2\jackson-databind-2.14.2.jar;C:\Users\HP\.m2\repository\com\fasterxml\jackson\core\jackson-annotations\2.14.2\jackson-annotations-2.14.2.jar;C:\Users\HP\.m2\repository\com\fasterxml\jackson\core\jackson-core\2.14.2\jackson-core-2.14.2.jar;C:\Users\HP\.m2\repository\com\tvd12\ezyfox-server-netty-client\1.1.9\ezyfox-server-netty-client-1.1.9.jar;C:\Users\HP\.m2\repository\io\netty\netty-all\4.1.89.Final\netty-all-4.1.89.Final.jar;C:\Users\HP\.m2\repository\io\netty\netty-buffer\4.1.89.Final\netty-buffer-4.1.89.Final.jar;C:\Users\HP\.m2\repository\io\netty\netty-codec\4.1.89.Final\netty-codec-4.1.89.Final.jar;C:\Users\HP\.m2\repository\io\netty\netty-codec-dns\4.1.89.Final\netty-codec-dns-4.1.89.Final.jar;C:\Users\HP\.m2\repository\io\netty\netty-codec-haproxy\4.1.89.Final\netty-codec-haproxy-4.1.89.Final.jar;C:\Users\HP\.m2\repository\io\netty\netty-codec-http\4.1.89.Final\netty-codec-http-4.1.89.Final.jar;C:\Users\HP\.m2\repository\io\netty\netty-codec-http2\4.1.89.Final\netty-codec-http2-4.1.89.Final.jar;C:\Users\HP\.m2\repository\io\netty\netty-codec-memcache\4.1.89.Final\netty-codec-memcache-4.1.89.Final.jar;C:\Users\HP\.m2\repository\io\netty\netty-codec-mqtt\4.1.89.Final\netty-codec-mqtt-4.1.89.Final.jar;C:\Users\HP\.m2\repository\io\netty\netty-codec-redis\4.1.89.Final\netty-codec-redis-4.1.89.Final.jar;C:\Users\HP\.m2\repository\io\netty\netty-codec-smtp\4.1.89.Final\netty-codec-smtp-4.1.89.Final.jar;C:\Users\HP\.m2\repository\io\netty\netty-codec-socks\4.1.89.Final\netty-codec-socks-4.1.89.Final.jar;C:\Users\HP\.m2\repository\io\netty\netty-codec-stomp\4.1.89.Final\netty-codec-stomp-4.1.89.Final.jar;C:\Users\HP\.m2\repository\io\netty\netty-codec-xml\4.1.89.Final\netty-codec-xml-4.1.89.Final.jar;C:\Users\HP\.m2\repository\io\netty\netty-common\4.1.89.Final\netty-common-4.1.89.Final.jar;C:\Users\HP\.m2\repository\io\netty\netty-handler\4.1.89.Final\netty-handler-4.1.89.Final.jar;C:\Users\HP\.m2\repository\io\netty\netty-transport-native-unix-common\4.1.89.Final\netty-transport-native-unix-common-4.1.89.Final.jar;C:\Users\HP\.m2\repository\io\netty\netty-handler-proxy\4.1.89.Final\netty-handler-proxy-4.1.89.Final.jar;C:\Users\HP\.m2\repository\io\netty\netty-handler-ssl-ocsp\4.1.89.Final\netty-handler-ssl-ocsp-4.1.89.Final.jar;C:\Users\HP\.m2\repository\io\netty\netty-resolver\4.1.89.Final\netty-resolver-4.1.89.Final.jar;C:\Users\HP\.m2\repository\io\netty\netty-resolver-dns\4.1.89.Final\netty-resolver-dns-4.1.89.Final.jar;C:\Users\HP\.m2\repository\io\netty\netty-transport\4.1.89.Final\netty-transport-4.1.89.Final.jar;C:\Users\HP\.m2\repository\io\netty\netty-transport-rxtx\4.1.89.Final\netty-transport-rxtx-4.1.89.Final.jar;C:\Users\HP\.m2\repository\io\netty\netty-transport-sctp\4.1.89.Final\netty-transport-sctp-4.1.89.Final.jar;C:\Users\HP\.m2\repository\io\netty\netty-transport-udt\4.1.89.Final\netty-transport-udt-4.1.89.Final.jar;C:\Users\HP\.m2\repository\io\netty\netty-transport-classes-epoll\4.1.89.Final\netty-transport-classes-epoll-4.1.89.Final.jar;C:\Users\HP\.m2\repository\io\netty\netty-transport-classes-kqueue\4.1.89.Final\netty-transport-classes-kqueue-4.1.89.Final.jar;C:\Users\HP\.m2\repository\io\netty\netty-resolver-dns-classes-macos\4.1.89.Final\netty-resolver-dns-classes-macos-4.1.89.Final.jar;C:\Users\HP\.m2\repository\io\netty\netty-transport-native-epoll\4.1.89.Final\netty-transport-native-epoll-4.1.89.Final-linux-x86_64.jar;C:\Users\HP\.m2\repository\io\netty\netty-transport-native-epoll\4.1.89.Final\netty-transport-native-epoll-4.1.89.Final-linux-aarch_64.jar;C:\Users\HP\.m2\repository\io\netty\netty-transport-native-kqueue\4.1.89.Final\netty-transport-native-kqueue-4.1.89.Final-osx-x86_64.jar;C:\Users\HP\.m2\repository\io\netty\netty-transport-native-kqueue\4.1.89.Final\netty-transport-native-kqueue-4.1.89.Final-osx-aarch_64.jar;C:\Users\HP\.m2\repository\io\netty\netty-resolver-dns-native-macos\4.1.89.Final\netty-resolver-dns-native-macos-4.1.89.Final-osx-x86_64.jar;C:\Users\HP\.m2\repository\io\netty\netty-resolver-dns-native-macos\4.1.89.Final\netty-resolver-dns-native-macos-4.1.89.Final-osx-aarch_64.jar;C:\Users\HP\.m2\repository\com\tvd12\ezyfox-server-java-client\1.2.4\ezyfox-server-java-client-1.2.4.jar;C:\Users\HP\.m2\repository\com\tvd12\ezyfox-server-core\1.2.7\ezyfox-server-core-1.2.7.jar;C:\Users\HP\.m2\repository\com\tvd12\ezyfox-codec\1.2.7\ezyfox-codec-1.2.7.jar;C:\Users\HP\.m2\repository\com\tvd12\ezyfox-common\1.2.7\ezyfox-common-1.2.7.jar;C:\Users\HP\.m2\repository\com\tvd12\ezyfox-security\1.2.7\ezyfox-security-1.2.7.jar;C:\Users\HP\.m2\repository\com\tvd12\ezyfox-io\1.2.7\ezyfox-io-1.2.7.jar;C:\Users\HP\.m2\repository\com\tvd12\ezyfox-concurrent\1.2.7\ezyfox-concurrent-1.2.7.jar;C:\Users\HP\.m2\repository\com\tvd12\ezyfox-util\1.2.7\ezyfox-util-1.2.7.jar;C:\Users\HP\.m2\repository\com\tvd12\properties-file\1.1.8\properties-file-1.1.8.jar;C:\Users\HP\.m2\repository\com\tvd12\reflections\1.0.2\reflections-1.0.2.jar;C:\Users\HP\.m2\repository\org\javassist\javassist\3.29.0-GA\javassist-3.29.0-GA.jar;C:\Users\HP\.m2\repository\ch\qos\logback\logback-classic\1.2.11\logback-classic-1.2.11.jar;C:\Users\HP\.m2\repository\ch\qos\logback\logback-core\1.2.11\logback-core-1.2.11.jar;C:\Users\HP\.m2\repository\org\slf4j\slf4j-api\1.7.32\slf4j-api-1.7.32.jar;C:\Users\HP\.m2\repository\com\tvd12\ezyfox-mapping\1.2.7\ezyfox-mapping-1.2.7.jar;C:\Users\HP\.m2\repository\org\glassfish\jaxb\jaxb-runtime\2.3.8\jaxb-runtime-2.3.8.jar;C:\Users\HP\.m2\repository\jakarta\xml\bind\jakarta.xml.bind-api\2.3.3\jakarta.xml.bind-api-2.3.3.jar;C:\Users\HP\.m2\repository\org\glassfish\jaxb\txw2\2.3.8\txw2-2.3.8.jar;C:\Users\HP\.m2\repository\com\sun\istack\istack-commons-runtime\3.0.12\istack-commons-runtime-3.0.12.jar;C:\Users\HP\.m2\repository\com\sun\activation\jakarta.activation\1.2.2\jakarta.activation-1.2.2.jar;C:\Users\HP\.m2\repository\com\google\code\gson\gson\2.8.6\gson-2.8.6.jar;C:\Users\HP\.m2\repository\com\tvd12\game-box\1.1.7\game-box-1.1.7.jar;C:\Users\HP\.m2\repository\com\tvd12\test-util\1.1.8\test-util-1.1.8.jar;C:\Users\HP\.m2\repository\org\mockito\mockito-all\1.10.19\mockito-all-1.10.19.jar;C:\Users\HP\.m2\repository\org\testng\testng\7.5.1\testng-7.5.1.jar;C:\Users\HP\.m2\repository\com\google\code\findbugs\jsr305\3.0.1\jsr305-3.0.1.jar;C:\Users\HP\.m2\repository\com\beust\jcommander\1.78\jcommander-1.78.jar;C:\Users\HP\.m2\repository\org\webjars\jquery\3.5.1\jquery-3.5.1.jar;C:\Users\HP\.m2\repository\org\projectlombok\lombok\1.18.24\lombok-1.18.24.jar;"/>
    <property name="sun.cpu.endian" value="little"/>
    <property name="user.home" value="C:\Users\HP"/>
    <property name="user.language" value="en"/>
    <property name="java.specification.vendor" value="Oracle Corporation"/>
    <property name="java.home" value="C:\Program Files\Java\jdk1.8.0_202\jre"/>
    <property name="basedir" value="D:\QSTProject\qworldrealtime\QworldServer\QworldServer-stresstest"/>
    <property name="file.separator" value="\"/>
    <property name="line.separator" value="&#10;"/>
    <property name="java.vm.specification.vendor" value="Oracle Corporation"/>
    <property name="java.specification.name" value="Java Platform API Specification"/>
    <property name="java.awt.graphicsenv" value="sun.awt.Win32GraphicsEnvironment"/>
    <property name="surefire.real.class.path" value="C:\Users\HP\AppData\Local\Temp\surefire8286175454720988305\surefirebooter5049540776661420210.jar;C:\\Users\\HP\\.m2\\repository\\org\\jacoco\\org.jacoco.agent\\0.8.7\\org.jacoco.agent-0.8.7-runtime.jar"/>
    <property name="sun.boot.class.path" value="C:\Program Files\Java\jdk1.8.0_202\jre\lib\resources.jar;C:\Program Files\Java\jdk1.8.0_202\jre\lib\rt.jar;C:\Program Files\Java\jdk1.8.0_202\jre\lib\sunrsasign.jar;C:\Program Files\Java\jdk1.8.0_202\jre\lib\jsse.jar;C:\Program Files\Java\jdk1.8.0_202\jre\lib\jce.jar;C:\Program Files\Java\jdk1.8.0_202\jre\lib\charsets.jar;C:\Program Files\Java\jdk1.8.0_202\jre\lib\jfr.jar;C:\Program Files\Java\jdk1.8.0_202\jre\classes"/>
    <property name="user.script" value=""/>
    <property name="sun.management.compiler" value="HotSpot 64-Bit Tiered Compilers"/>
    <property name="java.runtime.version" value="1.8.0_202-b08"/>
    <property name="user.name" value="HP"/>
    <property name="path.separator" value=";"/>
    <property name="os.version" value="10.0"/>
    <property name="java.endorsed.dirs" value="C:\Program Files\Java\jdk1.8.0_202\jre\lib\endorsed"/>
    <property name="java.runtime.name" value="Java(TM) SE Runtime Environment"/>
    <property name="file.encoding" value="Cp1252"/>
    <property name="java.vm.name" value="Java HotSpot(TM) 64-Bit Server VM"/>
    <property name="localRepository" value="C:\Users\HP\.m2\repository"/>
    <property name="java.vendor.url.bug" value="http://bugreport.sun.com/bugreport/"/>
    <property name="java.io.tmpdir" value="C:\Users\HP\AppData\Local\Temp\"/>
    <property name="idea.version" value="2023.1.4"/>
    <property name="java.version" value="1.8.0_202"/>
    <property name="user.dir" value="D:\QSTProject\qworldrealtime\QworldServer\QworldServer-stresstest"/>
    <property name="os.arch" value="amd64"/>
    <property name="java.vm.specification.name" value="Java Virtual Machine Specification"/>
    <property name="java.awt.printerjob" value="sun.awt.windows.WPrinterJob"/>
    <property name="sun.os.patch.level" value=""/>
    <property name="java.library.path" value="C:\Program Files\Java\jdk1.8.0_202\jre\bin;C:\WINDOWS\Sun\Java\bin;C:\WINDOWS\system32;C:\WINDOWS;C:\Program Files (x86)\Common Files\Oracle\Java\javapath;C:\Program Files\Common Files\Oracle\Java\javapath;C:\WINDOWS\system32;C:\WINDOWS;C:\WINDOWS\System32\Wbem;C:\WINDOWS\System32\WindowsPowerShell\v1.0\;C:\WINDOWS\System32\OpenSSH\;C:\Program Files\nodejs\;C:\Program Files\Git\cmd;C:\Program Files\MongoDB\Server\6.0\bin;C:\Users\HP\AppData\Local\Microsoft\WindowsApps;C:\Users\HP\AppData\Roaming\npm;C:\Users\HP\AppData\Local\GitHubDesktop\bin;C:\Users\HP\AppData\Local\Programs\Microsoft VS Code\bin;;C:\Program Files\JetBrains\IntelliJ IDEA 2023.1.3\bin;;."/>
    <property name="java.vm.info" value="mixed mode"/>
    <property name="java.vendor" value="Oracle Corporation"/>
    <property name="java.vm.version" value="25.202-b08"/>
    <property name="java.ext.dirs" value="C:\Program Files\Java\jdk1.8.0_202\jre\lib\ext;C:\WINDOWS\Sun\Java\lib\ext"/>
    <property name="sun.io.unicode.encoding" value="UnicodeLittle"/>
    <property name="java.class.version" value="52.0"/>
  </properties>
</testsuite>